
ROM used: 32568 (99%)
          32568 (99%) including unused fragments

          6 Average locations per line
          14 Average locations per statement

RAM used: 474 (23%) at main() level
          631 (31%) worst case

Stack used: 11 worst case (out of 31 total available)

Lines Stmts  %   Files
----- ----- ---  -----
 2057  1656  73  placa_central.c
  464     0   0  ..\..\..\..\..\Program Files\PICC\devices\18F4550.h
  303    80   4  lcd_16x4.c
   74    47   2  teclado_adc.c
  256    93   4  _ds1307.c
  423     0   0  ..\..\..\..\..\Program Files\PICC\drivers\string.h
   32     0   0  ..\..\..\..\..\Program Files\PICC\drivers\stddef.h
   28     0   0  ..\..\..\..\..\Program Files\PICC\drivers\ctype.h
 1351   359  16  ..\..\..\..\..\Program Files\PICC\drivers\stdlib.h
   95    24   1  manejo_leds.c
   14     5   0  manejo_pulsadores_reles.c
----- -----
 5097  2264 Total

Page ROM  %  RAM   Vol Diff  Functions:
---- --- --- ---   --- ----  ----------
0     40   0   1             @delay_ms1
0     32   0   1             @delay_us1
0     44   0   1             @PUTCHAR_BIU_1
0     68   0   1             @PUTCHAR_2_
0     76   0   1             @GETCH_2_
0     20   0   0             @const76
0     72   0   1   328  2.7  lcd_send_nibble
0     64   0   1   389  2.3  lcd_read_nibble
0     40   0   3   165  3.3  lcd_read_byte
0     78   0   3   319  4.1  lcd_send_byte
0    128   0   2   411  4.5  lcd_init
0     82   0   4   386  6.5  lcd_gotoxy
0    100   0   1   310  4.8  lcd_putc
0     50   0   0             @const112
0     34   0   0             @const114
0    470   1   2  1837 10.3  tarea_teclado_analogico
0     70   0   5             @DIV1616
0     34   0   0             @goto10275
0    106   0   3             @I2C_READ_1
0    118   0   1             @I2C_WRITE_1
0    380   1   3   497  2.4  ds1307_init
0    220   0   8   531  2.7  ds1307_set_date_time
 Inline        5   437  3.1  ds1307_get_date
 Inline        4   367  3.0  ds1307_get_time
0     32   0   1             @SPRINTF
0     40   0   3   240  6.0  ds1307_bin2bcd
0     42   0   3   231  3.3  ds1307_bcd2bin
0    114   0   9   272  5.5  strcat
0     80   0   2             @MUL88
0    418   1   9  1815 10.5  atoi
0    672   1  16  1882 11.0  atoi32
0    464   1  27  1075 11.2  itoa
0     94   0  14             @MUL3232
0    234   0  14             @DIVS3232
0     78   0   1   517  2.4  encender_led
0     66   0   6             @WRITEBITA
0     44   0   1    24  1.2  activar_rele
0     42   0   1    29  0.7  desactivar_rele
0    242   0   6   313  4.0  guardar_MEM
0    180   0   5   216  2.9  leer_MEM
0     84   0   1   272  3.2  int_RB2
0      8   0   0    42  1.4  interruptrb2_init
0     60   0   2   156  3.9  STATE_STORE
0     74   0   3   191  4.9  envio_dato
0   1870   3   2  4764  5.9  armar_trama
0     26   0   0             @const667
0     26   0   0             @const668
0    188   0   9             @PRINTF_LU_179
0     44   0   3             @DIV88
0    124   0   2             @PRINTF_U_179
0    898   1   3  3383  7.9  deco_tramaRx
0    830   1   0   461  2.9  MAIN
0     30   0   0             @const733
0    114   0   1   315  5.1  manejo_bombas
0   1042   2   2  5336  9.9  maquina_de_estado_de_comunicacion
0  12370  19   4 65836 12.5  maquina_de_estado_pantallas
0     12   0   0             @const734
0     32   0   2             @PSTRINGC_98
0     16   0   0             @const736
0     12   0   0             @const737
0      6   0   0             @const738
0     16   0   0             @const739
0     14   0   0             @const740
0     12   0   0             @const741
0     10   0   0             @const742
0     40   0   3             @PSTRINGCN_98
0    128   0   2             @PRINTF_U_98
0     10   0   0             @const748
0     12   0   0             @const753
0     10   0   0             @const754
0     10   0   0             @const755
0     16   0   0             @const758
0     10   0   0             @const759
0      4   0   0             @const760
0      4   0   0             @const761
0     12   0   0             @const762
0     12   0   0             @const763
0     12   0   0             @const764
0      6   0   0             @const765
0     12   0   0             @const766
0     12   0   0             @const767
0      6   0   0             @const768
0     10   0   0             @const769
0      4   0   0             @const770
0      4   0   0             @const771
0     18   0   0             @const772
0     14   0   0             @const773
0     16   0   0             @const774
0      8   0   0             @const775
0     18   0   0             @const776
0     14   0   0             @const777
0     12   0   0             @const778
0      8   0   0             @const779
0     18   0   0             @const780
0     10   0   0             @const781
0      8   0   0             @const782
0     18   0   0             @const783
0     10   0   0             @const784
0      8   0   0             @const785
0      8   0   0             @const786
0     10   0   0             @const787
0      6   0   0             @const788
0      6   0   0             @const789
0     10   0   0             @const790
0     18   0   0             @const791
0     16   0   0             @const792
0     18   0   0             @const793
0     10   0   0             @const794
0    192   0   6             @PRINTF_D_98
0      8   0   0             @const798
0    188   0   9             @PRINTF_LU_98
0      2   0   0             @const801
0      8   0   0             @const802
0      2   0   0             @const803
0     14   0   0             @const804
0     14   0   0             @const805
0      8   0   0             @const806
0      8   0   0             @const807
0      8   0   0             @const808
0      8   0   0             @const809
0      8   0   0             @const810
0      6   0   0             @const811
0      8   0   0             @const812
0      8   0   0             @const813
0      6   0   0             @const814
0      8   0   0             @const815
0     16   0   0             @const816
0     12   0   0             @const817
0     12   0   0             @const818
0     14   0   0             @const819
0     10   0   0             @const820
0     16   0   0             @const821
0    244   0   9             @PRINTF_LD_98
0     16   0   0             @const824
0      8   0   0             @const825
0      8   0   0             @const826
0     14   0   0             @const827
0     14   0   0             @const828
0     14   0   0             @const829
0     14   0   0             @const830
0      8   0   0             @const831
0      6   0   0             @const832
0     14   0   0             @const833
0      8   0   0             @const834
0      6   0   0             @const835
0     14   0   0             @const836
0     18   0   0             @const837
0     10   0   0             @const838
0     10   0   0             @const839
0     10   0   0             @const840
0      6   0   0             @const841
0      6   0   0             @const842
0     10   0   0             @const843
0     18   0   0             @const844
0     12   0   0             @const845
0      4   0   0             @const846
0      4   0   0             @const847
0      4   0   0             @const848
0      4   0   0             @const849
0      2   0   0             @const850
0      2   0   0             @const851
0      2   0   0             @const852
0      2   0   0             @const853
0      4   0   0             @const854
0      4   0   0             @const855
0      2   0   0             @const857
0      4   0   0             @const858
0      4   0   0             @const859
0      2   0   0             @const861
0      4   0   0             @const862
0      4   0   0             @const863
0      2   0   0             @const865
0      4   0   0             @const866
0      4   0   0             @const867
0      2   0   0             @const869
0     18   0   0             @const870
0     10   0   0             @const871
0     14   0   0             @const872
0     14   0   0             @const873
0     10   0   0             @const874
0      6   0   0             @const875
0      6   0   0             @const876
0     10   0   0             @const877
0     10   0   0             @const878
0      6   0   0             @const879
0      6   0   0             @const880
0     14   0   0             @const881
0     18   0   0             @const882
0      8   0   0             @const883
0      6   0   0             @const884
0     14   0   0             @const885
0     10   0   0             @const886
0     12   0   0             @const887
0      8   0   0             @const888
0      8   0   0             @const889
0      8   0   0             @const890
0      8   0   0             @const891
0      8   0   0             @const892
0     10   0   0             @const893
0     10   0   0             @const894
0     12   0   0             @const895
0     10   0   0             @const896
0     12   0   0             @const897
0      8   0   0             @const898
0      8   0   0             @const899
0      8   0   0             @const900
0      8   0   0             @const901
0      8   0   0             @const902
0     10   0   0             @const903
0     10   0   0             @const904
0     12   0   0             @const905
0     18   0   0             @const906
0     16   0   0             @const907
0      8   0   0             @const908
0      8   0   0             @const909
0     18   0   0             @const910
0     16   0   0             @const911
0     16   0   0             @const912
0     18   0   0             @const913
0     16   0   0             @const914
0      8   0   0             @const915
0      8   0   0             @const916
0     18   0   0             @const917
0     18   0   0             @const918
0      8   0   0             @const919
0      8   0   0             @const920
0     18   0   0             @const921
0     16   0   0             @const922
0      8   0   0             @const923
0     16   0   0             @const924
0     66   0   0             @goto13612
0     28   0   0    27  0.9  maquina_de_estado_teclado_analogico
0    524   1   0   141  1.8  reloj_tiempo_real
0   5694   9   2 24837 11.7  maquina_de_estado_reportes
0     40   0   0             @goto13934
0    370   1   1  1376  8.4  maquina_de_estado_bluetooth
0     20   0   0             @const927
0     32   0   2             @PSTRINGC_70
0     38   0   2             @PSTRINGR_70
0     28   0   0             @const933
0     30   0   0             @const934
0     26   0   0             @const935
0     34   0   0             @goto13998
 Inline        0             @cinit1

Program metrics:
    Functions               37
    Statements              2264
    Comments                845
    Volume (V)              158109
    Difficulty (D)          195.3
    Effort to implement (E) 30872177
    Time to implement (T)   476 hours, 25 minutes
    Est Delivered Bugs (B)  33
    Cyclomatic Complexity   326
    Maintainability (MI)    104

 Segment     Used  Free
-----------  ----  ----
00000-00002     4  0  
00004-00006     0  4  
00008-000B8   178  0  
000BA-07FFE  32386  196  



